# JRE version: OpenJDK Runtime Environment (8.0_212-b04) (build 1.8.0_212-release-1586-b04)
# Java VM: OpenJDK 64-Bit Server VM (25.212-b04 mixed mode windows-amd64 compressed oops)
Heap:
 PSYoungGen      total 66560K, used 1952K [0x00000000e0000000, 0x00000000e4c00000, 0x0000000100000000)
  eden space 56320K, 0% used [0x00000000e0000000,0x00000000e0000000,0x00000000e3700000)
  from space 10240K, 19% used [0x00000000e3700000,0x00000000e38e8000,0x00000000e4100000)
  to   space 9216K, 0% used [0x00000000e4100000,0x00000000e4100000,0x00000000e4a00000)
 ParOldGen       total 52736K, used 15351K [0x00000000a0000000, 0x00000000a3380000, 0x00000000e0000000)
  object space 52736K, 29% used [0x00000000a0000000,0x00000000a0efdc68,0x00000000a3380000)
 Metaspace       used 34610K, capacity 35432K, committed 35496K, reserved 1079296K
  class space    used 4744K, capacity 4961K, committed 4992K, reserved 1048576K
GC Heap History (10 events):
Event: 2.677 GC heap after
Heap after GC invocations=8 (full 1):
 PSYoungGen      total 66560K, used 0K [0x00000000e0000000, 0x00000000e4c00000, 0x0000000100000000)
  eden space 56320K, 0% used [0x00000000e0000000,0x00000000e0000000,0x00000000e3700000)
  from space 10240K, 0% used [0x00000000e3700000,0x00000000e3700000,0x00000000e4100000)
  to   space 9216K, 0% used [0x00000000e4100000,0x00000000e4100000,0x00000000e4a00000)
 ParOldGen       total 52736K, used 8976K [0x00000000a0000000, 0x00000000a3380000, 0x00000000e0000000)
  object space 52736K, 17% used [0x00000000a0000000,0x00000000a08c4370,0x00000000a3380000)
 Metaspace       used 20658K, capacity 21182K, committed 21296K, reserved 1067008K
  class space    used 2977K, capacity 3133K, committed 3200K, reserved 1048576K
}
Event: 3.348 GC heap before
{Heap before GC invocations=9 (full 1):
 PSYoungGen      total 66560K, used 56320K [0x00000000e0000000, 0x00000000e4c00000, 0x0000000100000000)
  eden space 56320K, 100% used [0x00000000e0000000,0x00000000e3700000,0x00000000e3700000)
  from space 10240K, 0% used [0x00000000e3700000,0x00000000e3700000,0x00000000e4100000)
  to   space 9216K, 0% used [0x00000000e4100000,0x00000000e4100000,0x00000000e4a00000)
 ParOldGen       total 52736K, used 8976K [0x00000000a0000000, 0x00000000a3380000, 0x00000000e0000000)
  object space 52736K, 17% used [0x00000000a0000000,0x00000000a08c4370,0x00000000a3380000)
 Metaspace       used 28221K, capacity 28764K, committed 28928K, reserved 1075200K
  class space    used 3868K, capacity 4035K, committed 4096K, reserved 1048576K
Event: 3.354 GC heap after
Heap after GC invocations=9 (full 1):
 PSYoungGen      total 65536K, used 7463K [0x00000000e0000000, 0x00000000e4c00000, 0x0000000100000000)
  eden space 56320K, 0% used [0x00000000e0000000,0x00000000e0000000,0x00000000e3700000)
  from space 9216K, 80% used [0x00000000e4100000,0x00000000e4849d58,0x00000000e4a00000)
  to   space 10240K, 0% used [0x00000000e3700000,0x00000000e3700000,0x00000000e4100000)
 ParOldGen       total 52736K, used 8984K [0x00000000a0000000, 0x00000000a3380000, 0x00000000e0000000)
  object space 52736K, 17% used [0x00000000a0000000,0x00000000a08c6370,0x00000000a3380000)
 Metaspace       used 28221K, capacity 28764K, committed 28928K, reserved 1075200K
  class space    used 3868K, capacity 4035K, committed 4096K, reserved 1048576K
}
Event: 3.858 GC heap before
{Heap before GC invocations=10 (full 1):
 PSYoungGen      total 65536K, used 63783K [0x00000000e0000000, 0x00000000e4c00000, 0x0000000100000000)
  eden space 56320K, 100% used [0x00000000e0000000,0x00000000e3700000,0x00000000e3700000)
  from space 9216K, 80% used [0x00000000e4100000,0x00000000e4849d58,0x00000000e4a00000)
  to   space 10240K, 0% used [0x00000000e3700000,0x00000000e3700000,0x00000000e4100000)
 ParOldGen       total 52736K, used 8984K [0x00000000a0000000, 0x00000000a3380000, 0x00000000e0000000)
  object space 52736K, 17% used [0x00000000a0000000,0x00000000a08c6370,0x00000000a3380000)
 Metaspace       used 31394K, capacity 32000K, committed 32256K, reserved 1077248K
  class space    used 4287K, capacity 4495K, committed 4608K, reserved 1048576K
Event: 3.874 GC heap after
Heap after GC invocations=10 (full 1):
 PSYoungGen      total 66560K, used 7883K [0x00000000e0000000, 0x00000000e4c00000, 0x0000000100000000)
  eden space 56320K, 0% used [0x00000000e0000000,0x00000000e0000000,0x00000000e3700000)
  from space 10240K, 76% used [0x00000000e3700000,0x00000000e3eb2dc8,0x00000000e4100000)
  to   space 9216K, 0% used [0x00000000e4100000,0x00000000e4100000,0x00000000e4a00000)
 ParOldGen       total 52736K, used 8992K [0x00000000a0000000, 0x00000000a3380000, 0x00000000e0000000)
  object space 52736K, 17% used [0x00000000a0000000,0x00000000a08c8370,0x00000000a3380000)
 Metaspace       used 31394K, capacity 32000K, committed 32256K, reserved 1077248K
  class space    used 4287K, capacity 4495K, committed 4608K, reserved 1048576K
}
Event: 4.537 GC heap before
{Heap before GC invocations=11 (full 1):
 PSYoungGen      total 66560K, used 64203K [0x00000000e0000000, 0x00000000e4c00000, 0x0000000100000000)
  eden space 56320K, 100% used [0x00000000e0000000,0x00000000e3700000,0x00000000e3700000)
  from space 10240K, 76% used [0x00000000e3700000,0x00000000e3eb2dc8,0x00000000e4100000)
  to   space 9216K, 0% used [0x00000000e4100000,0x00000000e4100000,0x00000000e4a00000)
 ParOldGen       total 52736K, used 8992K [0x00000000a0000000, 0x00000000a3380000, 0x00000000e0000000)
  object space 52736K, 17% used [0x00000000a0000000,0x00000000a08c8370,0x00000000a3380000)
 Metaspace       used 34239K, capacity 35044K, committed 35200K, reserved 1079296K
  class space    used 4695K, capacity 4919K, committed 4992K, reserved 1048576K
Event: 4.543 GC heap after
Heap after GC invocations=11 (full 1):
 PSYoungGen      total 65536K, used 5661K [0x00000000e0000000, 0x00000000e4c00000, 0x0000000100000000)
  eden space 56320K, 0% used [0x00000000e0000000,0x00000000e0000000,0x00000000e3700000)
  from space 9216K, 61% used [0x00000000e4100000,0x00000000e46877d8,0x00000000e4a00000)
  to   space 10240K, 0% used [0x00000000e3700000,0x00000000e3700000,0x00000000e4100000)
 ParOldGen       total 52736K, used 12364K [0x00000000a0000000, 0x00000000a3380000, 0x00000000e0000000)
  object space 52736K, 23% used [0x00000000a0000000,0x00000000a0c133a0,0x00000000a3380000)
 Metaspace       used 34239K, capacity 35044K, committed 35200K, reserved 1079296K
  class space    used 4695K, capacity 4919K, committed 4992K, reserved 1048576K
}
Event: 4.920 GC heap before
{Heap before GC invocations=12 (full 1):
 PSYoungGen      total 65536K, used 20460K [0x00000000e0000000, 0x00000000e4c00000, 0x0000000100000000)
  eden space 56320K, 26% used [0x00000000e0000000,0x00000000e0e73b28,0x00000000e3700000)
  from space 9216K, 61% used [0x00000000e4100000,0x00000000e46877d8,0x00000000e4a00000)
  to   space 10240K, 0% used [0x00000000e3700000,0x00000000e3700000,0x00000000e4100000)
 ParOldGen       total 52736K, used 12364K [0x00000000a0000000, 0x00000000a3380000, 0x00000000e0000000)
  object space 52736K, 23% used [0x00000000a0000000,0x00000000a0c133a0,0x00000000a3380000)
 Metaspace       used 34610K, capacity 35432K, committed 35496K, reserved 1079296K
  class space    used 4744K, capacity 4961K, committed 4992K, reserved 1048576K
Event: 4.948 GC heap after
Heap after GC invocations=12 (full 1):
 PSYoungGen      total 66560K, used 1952K [0x00000000e0000000, 0x00000000e4c00000, 0x0000000100000000)
  eden space 56320K, 0% used [0x00000000e0000000,0x00000000e0000000,0x00000000e3700000)
  from space 10240K, 19% used [0x00000000e3700000,0x00000000e38e8000,0x00000000e4100000)
  to   space 9216K, 0% used [0x00000000e4100000,0x00000000e4100000,0x00000000e4a00000)
 ParOldGen       total 52736K, used 15351K [0x00000000a0000000, 0x00000000a3380000, 0x00000000e0000000)
  object space 52736K, 29% used [0x00000000a0000000,0x00000000a0efdc68,0x00000000a3380000)
 Metaspace       used 34610K, capacity 35432K, committed 35496K, reserved 1079296K
  class space    used 4744K, capacity 4961K, committed 4992K, reserved 1048576K
}
Event: 4.948 GC heap before
{Heap before GC invocations=13 (full 2):
 PSYoungGen      total 66560K, used 1952K [0x00000000e0000000, 0x00000000e4c00000, 0x0000000100000000)
  eden space 56320K, 0% used [0x00000000e0000000,0x00000000e0000000,0x00000000e3700000)
  from space 10240K, 19% used [0x00000000e3700000,0x00000000e38e8000,0x00000000e4100000)
  to   space 9216K, 0% used [0x00000000e4100000,0x00000000e4100000,0x00000000e4a00000)
 ParOldGen       total 52736K, used 15351K [0x00000000a0000000, 0x00000000a3380000, 0x00000000e0000000)
  object space 52736K, 29% used [0x00000000a0000000,0x00000000a0efdc68,0x00000000a3380000)
 Metaspace       used 34610K, capacity 35432K, committed 35496K, reserved 1079296K
  class space    used 4744K, capacity 4961K, committed 4992K, reserved 1048576K

