# JRE version: OpenJDK Runtime Environment (8.0_212-b04) (build 1.8.0_212-release-1586-b04)
# Java VM: OpenJDK 64-Bit Server VM (25.212-b04 mixed mode windows-amd64 compressed oops)
Heap:
 PSYoungGen      total 170496K, used 72293K [0x00000000e0000000, 0x00000000edb00000, 0x0000000100000000)
  eden space 134144K, 26% used [0x00000000e0000000,0x00000000e23200f0,0x00000000e8300000)
  from space 36352K, 99% used [0x00000000ead80000,0x00000000ed0f9630,0x00000000ed100000)
  to   space 43520K, 0% used [0x00000000e8300000,0x00000000e8300000,0x00000000ead80000)
 ParOldGen       total 126976K, used 72236K [0x00000000a0000000, 0x00000000a7c00000, 0x00000000e0000000)
  object space 126976K, 56% used [0x00000000a0000000,0x00000000a468b370,0x00000000a7c00000)
 Metaspace       used 89375K, capacity 94298K, committed 94464K, reserved 1130496K
  class space    used 11418K, capacity 12479K, committed 12544K, reserved 1048576K
GC Heap History (10 events):
Event: 10206.092 GC heap before
{Heap before GC invocations=21 (full 3):
 PSYoungGen      total 182784K, used 173605K [0x00000000e0000000, 0x00000000ed380000, 0x0000000100000000)
  eden space 161280K, 100% used [0x00000000e0000000,0x00000000e9d80000,0x00000000e9d80000)
  from space 21504K, 57% used [0x00000000ea380000,0x00000000eaf89668,0x00000000eb880000)
  to   space 27648K, 0% used [0x00000000eb880000,0x00000000eb880000,0x00000000ed380000)
 ParOldGen       total 126976K, used 51886K [0x00000000a0000000, 0x00000000a7c00000, 0x00000000e0000000)
  object space 126976K, 40% used [0x00000000a0000000,0x00000000a32aba80,0x00000000a7c00000)
 Metaspace       used 84795K, capacity 88668K, committed 88832K, reserved 1126400K
  class space    used 10886K, capacity 11681K, committed 11776K, reserved 1048576K
Event: 10206.105 GC heap after
Heap after GC invocations=21 (full 3):
 PSYoungGen      total 175616K, used 13232K [0x00000000e0000000, 0x00000000ecb80000, 0x0000000100000000)
  eden space 156160K, 0% used [0x00000000e0000000,0x00000000e0000000,0x00000000e9880000)
  from space 19456K, 68% used [0x00000000eb880000,0x00000000ec56c050,0x00000000ecb80000)
  to   space 26112K, 0% used [0x00000000e9880000,0x00000000e9880000,0x00000000eb200000)
 ParOldGen       total 126976K, used 51894K [0x00000000a0000000, 0x00000000a7c00000, 0x00000000e0000000)
  object space 126976K, 40% used [0x00000000a0000000,0x00000000a32ada80,0x00000000a7c00000)
 Metaspace       used 84795K, capacity 88668K, committed 88832K, reserved 1126400K
  class space    used 10886K, capacity 11681K, committed 11776K, reserved 1048576K
}
Event: 11126.212 GC heap before
{Heap before GC invocations=22 (full 3):
 PSYoungGen      total 175616K, used 169392K [0x00000000e0000000, 0x00000000ecb80000, 0x0000000100000000)
  eden space 156160K, 100% used [0x00000000e0000000,0x00000000e9880000,0x00000000e9880000)
  from space 19456K, 68% used [0x00000000eb880000,0x00000000ec56c050,0x00000000ecb80000)
  to   space 26112K, 0% used [0x00000000e9880000,0x00000000e9880000,0x00000000eb200000)
 ParOldGen       total 126976K, used 51894K [0x00000000a0000000, 0x00000000a7c00000, 0x00000000e0000000)
  object space 126976K, 40% used [0x00000000a0000000,0x00000000a32ada80,0x00000000a7c00000)
 Metaspace       used 88081K, capacity 92696K, committed 93056K, reserved 1130496K
  class space    used 11316K, capacity 12292K, committed 12416K, reserved 1048576K
Event: 11126.231 GC heap after
Heap after GC invocations=22 (full 3):
 PSYoungGen      total 171520K, used 19895K [0x00000000e0000000, 0x00000000eca00000, 0x0000000100000000)
  eden space 151552K, 0% used [0x00000000e0000000,0x00000000e0000000,0x00000000e9400000)
  from space 19968K, 99% used [0x00000000e9880000,0x00000000eabedeb8,0x00000000eac00000)
  to   space 27648K, 0% used [0x00000000eaf00000,0x00000000eaf00000,0x00000000eca00000)
 ParOldGen       total 126976K, used 51902K [0x00000000a0000000, 0x00000000a7c00000, 0x00000000e0000000)
  object space 126976K, 40% used [0x00000000a0000000,0x00000000a32afa80,0x00000000a7c00000)
 Metaspace       used 88081K, capacity 92696K, committed 93056K, reserved 1130496K
  class space    used 11316K, capacity 12292K, committed 12416K, reserved 1048576K
}
Event: 12658.779 GC heap before
{Heap before GC invocations=23 (full 3):
 PSYoungGen      total 171520K, used 171447K [0x00000000e0000000, 0x00000000eca00000, 0x0000000100000000)
  eden space 151552K, 100% used [0x00000000e0000000,0x00000000e9400000,0x00000000e9400000)
  from space 19968K, 99% used [0x00000000e9880000,0x00000000eabedeb8,0x00000000eac00000)
  to   space 27648K, 0% used [0x00000000eaf00000,0x00000000eaf00000,0x00000000eca00000)
 ParOldGen       total 126976K, used 51902K [0x00000000a0000000, 0x00000000a7c00000, 0x00000000e0000000)
  object space 126976K, 40% used [0x00000000a0000000,0x00000000a32afa80,0x00000000a7c00000)
 Metaspace       used 88730K, capacity 93558K, committed 93568K, reserved 1130496K
  class space    used 11380K, capacity 12409K, committed 12416K, reserved 1048576K
Event: 12658.813 GC heap after
Heap after GC invocations=23 (full 3):
 PSYoungGen      total 173056K, used 27644K [0x00000000e0000000, 0x00000000ed180000, 0x0000000100000000)
  eden space 145408K, 0% used [0x00000000e0000000,0x00000000e0000000,0x00000000e8e00000)
  from space 27648K, 99% used [0x00000000eaf00000,0x00000000ec9ff188,0x00000000eca00000)
  to   space 33792K, 0% used [0x00000000e8e00000,0x00000000e8e00000,0x00000000eaf00000)
 ParOldGen       total 126976K, used 58782K [0x00000000a0000000, 0x00000000a7c00000, 0x00000000e0000000)
  object space 126976K, 46% used [0x00000000a0000000,0x00000000a3967858,0x00000000a7c00000)
 Metaspace       used 88730K, capacity 93558K, committed 93568K, reserved 1130496K
  class space    used 11380K, capacity 12409K, committed 12416K, reserved 1048576K
}
Event: 12667.923 GC heap before
{Heap before GC invocations=24 (full 3):
 PSYoungGen      total 173056K, used 173052K [0x00000000e0000000, 0x00000000ed180000, 0x0000000100000000)
  eden space 145408K, 100% used [0x00000000e0000000,0x00000000e8e00000,0x00000000e8e00000)
  from space 27648K, 99% used [0x00000000eaf00000,0x00000000ec9ff188,0x00000000eca00000)
  to   space 33792K, 0% used [0x00000000e8e00000,0x00000000e8e00000,0x00000000eaf00000)
 ParOldGen       total 126976K, used 58782K [0x00000000a0000000, 0x00000000a7c00000, 0x00000000e0000000)
  object space 126976K, 46% used [0x00000000a0000000,0x00000000a3967858,0x00000000a7c00000)
 Metaspace       used 89161K, capacity 93992K, committed 94208K, reserved 1130496K
  class space    used 11407K, capacity 12460K, committed 12544K, reserved 1048576K
Event: 12667.947 GC heap after
Heap after GC invocations=24 (full 3):
 PSYoungGen      total 168448K, used 26903K [0x00000000e0000000, 0x00000000ed100000, 0x0000000100000000)
  eden space 141312K, 0% used [0x00000000e0000000,0x00000000e0000000,0x00000000e8a00000)
  from space 27136K, 99% used [0x00000000e8e00000,0x00000000ea845d80,0x00000000ea880000)
  to   space 36352K, 0% used [0x00000000ead80000,0x00000000ead80000,0x00000000ed100000)
 ParOldGen       total 126976K, used 66332K [0x00000000a0000000, 0x00000000a7c00000, 0x00000000e0000000)
  object space 126976K, 52% used [0x00000000a0000000,0x00000000a40c70c0,0x00000000a7c00000)
 Metaspace       used 89161K, capacity 93992K, committed 94208K, reserved 1130496K
  class space    used 11407K, capacity 12460K, committed 12544K, reserved 1048576K
}
Event: 12669.211 GC heap before
{Heap before GC invocations=25 (full 3):
 PSYoungGen      total 168448K, used 168215K [0x00000000e0000000, 0x00000000ed100000, 0x0000000100000000)
  eden space 141312K, 100% used [0x00000000e0000000,0x00000000e8a00000,0x00000000e8a00000)
  from space 27136K, 99% used [0x00000000e8e00000,0x00000000ea845d80,0x00000000ea880000)
  to   space 36352K, 0% used [0x00000000ead80000,0x00000000ead80000,0x00000000ed100000)
 ParOldGen       total 126976K, used 66332K [0x00000000a0000000, 0x00000000a7c00000, 0x00000000e0000000)
  object space 126976K, 52% used [0x00000000a0000000,0x00000000a40c70c0,0x00000000a7c00000)
 Metaspace       used 89359K, capacity 94292K, committed 94464K, reserved 1130496K
  class space    used 11418K, capacity 12478K, committed 12544K, reserved 1048576K
Event: 12669.240 GC heap after
Heap after GC invocations=25 (full 3):
 PSYoungGen      total 170496K, used 36325K [0x00000000e0000000, 0x00000000edb00000, 0x0000000100000000)
  eden space 134144K, 0% used [0x00000000e0000000,0x00000000e0000000,0x00000000e8300000)
  from space 36352K, 99% used [0x00000000ead80000,0x00000000ed0f9630,0x00000000ed100000)
  to   space 43520K, 0% used [0x00000000e8300000,0x00000000e8300000,0x00000000ead80000)
 ParOldGen       total 126976K, used 72236K [0x00000000a0000000, 0x00000000a7c00000, 0x00000000e0000000)
  object space 126976K, 56% used [0x00000000a0000000,0x00000000a468b370,0x00000000a7c00000)
 Metaspace       used 89359K, capacity 94292K, committed 94464K, reserved 1130496K
  class space    used 11418K, capacity 12478K, committed 12544K, reserved 1048576K
}

